[0.012s] Invoking command in '/home/ramos/sma_lidar_ui_project/ros2_ws/build/rplidar_ros': /usr/bin/cmake /home/ramos/sma_lidar_ui_project/ros2_ws/src/rplidar_ros -DCATKIN_INSTALL_INTO_PREFIX_ROOT=0 -DCMAKE_INSTALL_PREFIX=/home/ramos/sma_lidar_ui_project/ros2_ws/install/rplidar_ros
[0.043s] [0mCMake Deprecation Warning at CMakeLists.txt:1 (cmake_minimum_required):
[0.043s]   Compatibility with CMake < 2.8.12 will be removed from a future version of
[0.044s]   CMake.
[0.044s] 
[0.044s]   Update the VERSION argument <min> value or use a ...<max> suffix to tell
[0.044s]   CMake that the project does not need compatibility with older versions.
[0.044s] 
[0.044s] [0m
[0.200s] -- The C compiler identification is GNU 11.4.0
[0.328s] -- The CXX compiler identification is GNU 11.4.0
[0.341s] -- Detecting C compiler ABI info
[0.408s] -- Detecting C compiler ABI info - done
[0.422s] -- Check for working C compiler: /usr/bin/cc - skipped
[0.423s] -- Detecting C compile features
[0.424s] -- Detecting C compile features - done
[0.431s] -- Detecting CXX compiler ABI info
[0.507s] -- Detecting CXX compiler ABI info - done
[0.517s] -- Check for working CXX compiler: /usr/bin/c++ - skipped
[0.517s] -- Detecting CXX compile features
[0.518s] -- Detecting CXX compile features - done
[0.535s] [31mCMake Error at CMakeLists.txt:16 (find_package):
[0.535s]   By not providing "Findcatkin.cmake" in CMAKE_MODULE_PATH this project has
[0.535s]   asked CMake to find a package configuration file provided by "catkin", but
[0.535s]   CMake did not find one.
[0.535s] 
[0.535s]   Could not find a package configuration file provided by "catkin" with any
[0.535s]   of the following names:
[0.535s] 
[0.536s]     catkinConfig.cmake
[0.536s]     catkin-config.cmake
[0.536s] 
[0.536s]   Add the installation prefix of "catkin" to CMAKE_PREFIX_PATH or set
[0.536s]   "catkin_DIR" to a directory containing one of the above files.  If "catkin"
[0.536s]   provides a separate development package or SDK, be sure it has been
[0.536s]   installed.
[0.536s] 
[0.536s] [0m
[0.536s] -- Configuring incomplete, errors occurred!
[0.536s] See also "/home/ramos/sma_lidar_ui_project/ros2_ws/build/rplidar_ros/CMakeFiles/CMakeOutput.log".
[0.540s] Invoked command in '/home/ramos/sma_lidar_ui_project/ros2_ws/build/rplidar_ros' returned '1': /usr/bin/cmake /home/ramos/sma_lidar_ui_project/ros2_ws/src/rplidar_ros -DCATKIN_INSTALL_INTO_PREFIX_ROOT=0 -DCMAKE_INSTALL_PREFIX=/home/ramos/sma_lidar_ui_project/ros2_ws/install/rplidar_ros
